<?xml version="1.0" encoding="UTF-8"?>
<testsuites name="Amazon_searchItem_TS" time="238.394" tests="4" failures="0" errors="0">
   <testsuite name="Amazon_searchItem_TS" tests="4" failures="0" errors="0" time="238.394" skipped="0" timestamp="24-01-2024T20:26:31" hostname="hriti - HRITIK" id="Test Suites/Amazon_searchItem_TS">
      <properties>
         <property name="deviceName" value=""/>
         <property name="devicePlatform" value=""/>
         <property name="logFolder" value="C:\\Users\\hriti\\Katalon Studio\\Amazon_Application_testing\\Reports\\20240124_202625\\Amazon_searchItem_TS\\20240124_202625"/>
         <property name="logFiles" value="C:\\Users\\hriti\\Katalon Studio\\Amazon_Application_testing\\Reports\\20240124_202625\\Amazon_searchItem_TS\\20240124_202625\\execution0.log"/>
         <property name="attachments" value="C:\\Users\\hriti\\Katalon Studio\\Amazon_Application_testing\\Reports\\20240124_202625\\Amazon_searchItem_TS\\20240124_202625\\1706108410947.png"/>
         <property name="hostName" value="hriti - HRITIK"/>
         <property name="os" value="Windows 11 64bit"/>
         <property name="katalonVersion" value="9.2.0.212"/>
         <property name="browser" value="Chrome 121.0.0.0"/>
         <property name="hostAddress" value="192.168.60.20"/>
         <property name="sessionId" value="81c54a9e84636527c6dcbb7128653680"/>
         <property name="seleniumVersion" value="3.141.59"/>
         <property name="proxyInformation" value="ProxyInformation { proxyOption=NO_PROXY, proxyServerType=HTTP, username=, password=********, proxyServerAddress=, proxyServerPort=0, executionList=&quot;&quot;, isApplyToDesiredCapabilities=true }"/>
         <property name="platform" value="Windows 11"/>
      </properties>
      <testcase name="Test Cases/TC_Amazon_SearchBar_003" time="130.935" classname="Test Cases/TC_Amazon_SearchBar_003" status="PASSED">
         <system-out><![CDATA[24-01-2024T20:26:31 - [TEST_CASE][PASSED] - Test Cases/TC_Amazon_SearchBar_003: Test Cases/TC_Amazon_SearchBar_003

24-01-2024T20:26:31 - [TEST_STEP][PASSED] - openBrowser(""): Browser is opened with url: ''

24-01-2024T20:26:31 - [MESSAGE][INFO] - Starting 'Chrome' driver

24-01-2024T20:26:31 - [MESSAGE][INFO] - Action delay is set to 0 milliseconds

24-01-2024T20:26:33 - [MESSAGE][PASSED] - Browser is opened with url: ''

24-01-2024T20:26:33 - [TEST_STEP][PASSED] - navigateToUrl("https://www.amazon.com/"): Navigate to 'https://www.amazon.com/' successfully

24-01-2024T20:26:42 - [MESSAGE][PASSED] - Navigate to 'https://www.amazon.com/' successfully

24-01-2024T20:26:42 - [TEST_STEP][PASSED] - selectOptionByValue(findTestObject("Object Repository/Amazon_SearchBar_OR/Page_Amazon.com. Spend less. Smile more/categorySelect"), category, true): All options with value 'search-alias=computers-intl-ship' are selected in object 'Object Repository/Amazon_SearchBar_OR/Page_Amazon.com. Spend less. Smile more/categorySelect'  using regular expression

24-01-2024T20:27:15 - [MESSAGE][PASSED] - All options with value 'search-alias=computers-intl-ship' are selected in object 'Object Repository/Amazon_SearchBar_OR/Page_Amazon.com. Spend less. Smile more/categorySelect'  using regular expression

24-01-2024T20:27:15 - [TEST_STEP][PASSED] - setText(findTestObject("Object Repository/Amazon_SearchBar_OR/Page_Amazon.com. Spend less. Smile more/input_field-keywords"), item): Text 'Laptops' is set on object 'Object Repository/Amazon_SearchBar_OR/Page_Amazon.com. Spend less. Smile more/input_field-keywords'

24-01-2024T20:27:17 - [MESSAGE][PASSED] - Text 'Laptops' is set on object 'Object Repository/Amazon_SearchBar_OR/Page_Amazon.com. Spend less. Smile more/input_field-keywords'

24-01-2024T20:27:17 - [TEST_STEP][PASSED] - click(findTestObject("Object Repository/Amazon_SearchBar_OR/Page_Amazon.com. Spend less. Smile more/inputnav-search-submit-button")): Object: 'Object Repository/Amazon_SearchBar_OR/Page_Amazon.com. Spend less. Smile more/inputnav-search-submit-button' is clicked on

24-01-2024T20:28:42 - [MESSAGE][PASSED] - Object: 'Object Repository/Amazon_SearchBar_OR/Page_Amazon.com. Spend less. Smile more/inputnav-search-submit-button' is clicked on

24-01-2024T20:28:42 - [TEST_STEP][PASSED] - closeBrowser(): Browser is closed

24-01-2024T20:28:42 - [MESSAGE][PASSED] - Browser is closed]]></system-out>
         <system-err><![CDATA[]]></system-err>
      </testcase>
      <testcase name="Test Cases/TC_Amazon_SearchBar_003" time="34.617" classname="Test Cases/TC_Amazon_SearchBar_003" status="PASSED">
         <system-out><![CDATA[24-01-2024T20:28:42 - [TEST_CASE][PASSED] - Test Cases/TC_Amazon_SearchBar_003: Test Cases/TC_Amazon_SearchBar_003

24-01-2024T20:28:42 - [TEST_STEP][PASSED] - openBrowser(""): Browser is opened with url: ''

24-01-2024T20:28:42 - [MESSAGE][INFO] - Starting 'Chrome' driver

24-01-2024T20:28:42 - [MESSAGE][INFO] - Action delay is set to 0 milliseconds

24-01-2024T20:28:43 - [MESSAGE][PASSED] - Browser is opened with url: ''

24-01-2024T20:28:43 - [TEST_STEP][PASSED] - navigateToUrl("https://www.amazon.com/"): Navigate to 'https://www.amazon.com/' successfully

24-01-2024T20:28:51 - [MESSAGE][PASSED] - Navigate to 'https://www.amazon.com/' successfully

24-01-2024T20:28:51 - [TEST_STEP][PASSED] - selectOptionByValue(findTestObject("Object Repository/Amazon_SearchBar_OR/Page_Amazon.com. Spend less. Smile more/categorySelect"), category, true): All options with value 'search-alias=electronics-intl-ship' are selected in object 'Object Repository/Amazon_SearchBar_OR/Page_Amazon.com. Spend less. Smile more/categorySelect'  using regular expression

24-01-2024T20:28:54 - [MESSAGE][PASSED] - All options with value 'search-alias=electronics-intl-ship' are selected in object 'Object Repository/Amazon_SearchBar_OR/Page_Amazon.com. Spend less. Smile more/categorySelect'  using regular expression

24-01-2024T20:28:54 - [TEST_STEP][PASSED] - setText(findTestObject("Object Repository/Amazon_SearchBar_OR/Page_Amazon.com. Spend less. Smile more/input_field-keywords"), item): Text 'Television' is set on object 'Object Repository/Amazon_SearchBar_OR/Page_Amazon.com. Spend less. Smile more/input_field-keywords'

24-01-2024T20:28:56 - [MESSAGE][PASSED] - Text 'Television' is set on object 'Object Repository/Amazon_SearchBar_OR/Page_Amazon.com. Spend less. Smile more/input_field-keywords'

24-01-2024T20:28:56 - [TEST_STEP][PASSED] - click(findTestObject("Object Repository/Amazon_SearchBar_OR/Page_Amazon.com. Spend less. Smile more/inputnav-search-submit-button")): Object: 'Object Repository/Amazon_SearchBar_OR/Page_Amazon.com. Spend less. Smile more/inputnav-search-submit-button' is clicked on

24-01-2024T20:29:16 - [MESSAGE][PASSED] - Object: 'Object Repository/Amazon_SearchBar_OR/Page_Amazon.com. Spend less. Smile more/inputnav-search-submit-button' is clicked on

24-01-2024T20:29:16 - [TEST_STEP][PASSED] - closeBrowser(): Browser is closed

24-01-2024T20:29:17 - [MESSAGE][PASSED] - Browser is closed]]></system-out>
         <system-err><![CDATA[]]></system-err>
      </testcase>
      <testcase name="Test Cases/TC_Amazon_SearchBar_003" time="43.321" classname="Test Cases/TC_Amazon_SearchBar_003" status="PASSED">
         <system-out><![CDATA[24-01-2024T20:29:17 - [TEST_CASE][PASSED] - Test Cases/TC_Amazon_SearchBar_003: Test Cases/TC_Amazon_SearchBar_003

24-01-2024T20:29:17 - [TEST_STEP][PASSED] - openBrowser(""): Browser is opened with url: ''

24-01-2024T20:29:17 - [MESSAGE][INFO] - Starting 'Chrome' driver

24-01-2024T20:29:17 - [MESSAGE][INFO] - Action delay is set to 0 milliseconds

24-01-2024T20:29:17 - [MESSAGE][PASSED] - Browser is opened with url: ''

24-01-2024T20:29:17 - [TEST_STEP][PASSED] - navigateToUrl("https://www.amazon.com/"): Navigate to 'https://www.amazon.com/' successfully

24-01-2024T20:29:33 - [MESSAGE][PASSED] - Navigate to 'https://www.amazon.com/' successfully

24-01-2024T20:29:33 - [TEST_STEP][PASSED] - selectOptionByValue(findTestObject("Object Repository/Amazon_SearchBar_OR/Page_Amazon.com. Spend less. Smile more/categorySelect"), category, true): All options with value 'search-alias=computers-intl-ship' are selected in object 'Object Repository/Amazon_SearchBar_OR/Page_Amazon.com. Spend less. Smile more/categorySelect'  using regular expression

24-01-2024T20:29:35 - [MESSAGE][PASSED] - All options with value 'search-alias=computers-intl-ship' are selected in object 'Object Repository/Amazon_SearchBar_OR/Page_Amazon.com. Spend less. Smile more/categorySelect'  using regular expression

24-01-2024T20:29:35 - [TEST_STEP][PASSED] - setText(findTestObject("Object Repository/Amazon_SearchBar_OR/Page_Amazon.com. Spend less. Smile more/input_field-keywords"), item): Text 'Hp' is set on object 'Object Repository/Amazon_SearchBar_OR/Page_Amazon.com. Spend less. Smile more/input_field-keywords'

24-01-2024T20:29:38 - [MESSAGE][PASSED] - Text 'Hp' is set on object 'Object Repository/Amazon_SearchBar_OR/Page_Amazon.com. Spend less. Smile more/input_field-keywords'

24-01-2024T20:29:38 - [TEST_STEP][PASSED] - click(findTestObject("Object Repository/Amazon_SearchBar_OR/Page_Amazon.com. Spend less. Smile more/inputnav-search-submit-button")): Object: 'Object Repository/Amazon_SearchBar_OR/Page_Amazon.com. Spend less. Smile more/inputnav-search-submit-button' is clicked on

24-01-2024T20:30:00 - [MESSAGE][PASSED] - Object: 'Object Repository/Amazon_SearchBar_OR/Page_Amazon.com. Spend less. Smile more/inputnav-search-submit-button' is clicked on

24-01-2024T20:30:00 - [TEST_STEP][PASSED] - closeBrowser(): Browser is closed

24-01-2024T20:30:00 - [MESSAGE][PASSED] - Browser is closed]]></system-out>
         <system-err><![CDATA[]]></system-err>
      </testcase>
      <testcase name="Test Cases/TC_Amazon_SearchBar_003" time="18.475" classname="Test Cases/TC_Amazon_SearchBar_003" status="PASSED">
         <system-out><![CDATA[24-01-2024T20:30:11 - [TEST_CASE][PASSED] - Test Cases/TC_Amazon_SearchBar_003: Test Cases/TC_Amazon_SearchBar_003

24-01-2024T20:30:11 - [TEST_STEP][PASSED] - openBrowser(""): Browser is opened with url: ''

24-01-2024T20:30:11 - [MESSAGE][WARNING] - A browser is already opened. Closing browser and opening a new one

24-01-2024T20:30:11 - [MESSAGE][INFO] - Starting 'Chrome' driver

24-01-2024T20:30:11 - [MESSAGE][INFO] - Action delay is set to 0 milliseconds

24-01-2024T20:30:11 - [MESSAGE][PASSED] - Browser is opened with url: ''

24-01-2024T20:30:11 - [TEST_STEP][PASSED] - navigateToUrl("https://www.amazon.com/"): Navigate to 'https://www.amazon.com/' successfully

24-01-2024T20:30:14 - [MESSAGE][PASSED] - Navigate to 'https://www.amazon.com/' successfully

24-01-2024T20:30:14 - [TEST_STEP][PASSED] - selectOptionByValue(findTestObject("Object Repository/Amazon_SearchBar_OR/Page_Amazon.com. Spend less. Smile more/categorySelect"), category, true): All options with value 'search-alias=deals-intl-ship' are selected in object 'Object Repository/Amazon_SearchBar_OR/Page_Amazon.com. Spend less. Smile more/categorySelect'  using regular expression

24-01-2024T20:30:23 - [MESSAGE][PASSED] - All options with value 'search-alias=deals-intl-ship' are selected in object 'Object Repository/Amazon_SearchBar_OR/Page_Amazon.com. Spend less. Smile more/categorySelect'  using regular expression

24-01-2024T20:30:23 - [TEST_STEP][PASSED] - setText(findTestObject("Object Repository/Amazon_SearchBar_OR/Page_Amazon.com. Spend less. Smile more/input_field-keywords"), item): Text 'Novels' is set on object 'Object Repository/Amazon_SearchBar_OR/Page_Amazon.com. Spend less. Smile more/input_field-keywords'

24-01-2024T20:30:24 - [MESSAGE][PASSED] - Text 'Novels' is set on object 'Object Repository/Amazon_SearchBar_OR/Page_Amazon.com. Spend less. Smile more/input_field-keywords'

24-01-2024T20:30:24 - [TEST_STEP][PASSED] - click(findTestObject("Object Repository/Amazon_SearchBar_OR/Page_Amazon.com. Spend less. Smile more/inputnav-search-submit-button")): Object: 'Object Repository/Amazon_SearchBar_OR/Page_Amazon.com. Spend less. Smile more/inputnav-search-submit-button' is clicked on

24-01-2024T20:30:29 - [MESSAGE][PASSED] - Object: 'Object Repository/Amazon_SearchBar_OR/Page_Amazon.com. Spend less. Smile more/inputnav-search-submit-button' is clicked on

24-01-2024T20:30:29 - [TEST_STEP][PASSED] - closeBrowser(): Browser is closed

24-01-2024T20:30:29 - [MESSAGE][PASSED] - Browser is closed]]></system-out>
         <system-err><![CDATA[]]></system-err>
      </testcase>
      <system-out><![CDATA[24-01-2024T20:26:31 - [TEST_SUITE][FAILED] - Amazon_searchItem_TS: Test Cases/TC_Amazon_SearchBar_003 FAILED.
Reason:
com.kms.katalon.core.exception.StepFailedException: Unable to select option by value 'search-alias=deals-intl-ship' of object 'Object Repository/Amazon_SearchBar_OR/Page_Amazon.com. Spend less. Smile more/categorySelect'  using regular expression
	at com.kms.katalon.core.webui.keyword.internal.WebUIKeywordMain.stepFailed(WebUIKeywordMain.groovy:64)
	at com.kms.katalon.core.webui.keyword.internal.WebUIKeywordMain.runKeyword(WebUIKeywordMain.groovy:26)
	at com.kms.katalon.core.webui.keyword.builtin.SelectOptionByValueKeyword.selectOptionByValue(SelectOptionByValueKeyword.groovy:99)
	at com.kms.katalon.core.webui.keyword.builtin.SelectOptionByValueKeyword.execute(SelectOptionByValueKeyword.groovy:71)
	at com.kms.katalon.core.keyword.internal.KeywordExecutor.executeKeywordForPlatform(KeywordExecutor.groovy:74)
	at com.kms.katalon.core.webui.keyword.WebUiBuiltInKeywords.selectOptionByValue(WebUiBuiltInKeywords.groovy:1207)
	at TC_Amazon_SearchBar_003.run(TC_Amazon_SearchBar_003:24)
	at com.kms.katalon.core.main.ScriptEngine.run(ScriptEngine.java:194)
	at com.kms.katalon.core.main.ScriptEngine.runScriptAsRawText(ScriptEngine.java:119)
	at com.kms.katalon.core.main.TestCaseExecutor.runScript(TestCaseExecutor.java:448)
	at com.kms.katalon.core.main.TestCaseExecutor.doExecute(TestCaseExecutor.java:439)
	at com.kms.katalon.core.main.TestCaseExecutor.processExecutionPhase(TestCaseExecutor.java:418)
	at com.kms.katalon.core.main.TestCaseExecutor.accessMainPhase(TestCaseExecutor.java:410)
	at com.kms.katalon.core.main.TestCaseExecutor.execute(TestCaseExecutor.java:285)
	at com.kms.katalon.core.common.CommonExecutor.accessTestCaseMainPhase(CommonExecutor.java:65)
	at com.kms.katalon.core.main.TestSuiteExecutor.accessTestSuiteMainPhase(TestSuiteExecutor.java:148)
	at com.kms.katalon.core.main.TestSuiteExecutor.execute(TestSuiteExecutor.java:106)
	at com.kms.katalon.core.main.TestCaseMain.startTestSuite(TestCaseMain.java:180)
	at TempTestSuite1706108185271.run(TempTestSuite1706108185271.groovy:36)
	at java.base/jdk.internal.reflect.NativeMethodAccessorImpl.invoke0(Native Method)
	at java.base/jdk.internal.reflect.NativeMethodAccessorImpl.invoke(NativeMethodAccessorImpl.java:77)
	at java.base/jdk.internal.reflect.DelegatingMethodAccessorImpl.invoke(DelegatingMethodAccessorImpl.java:43)
Caused by: com.kms.katalon.core.exception.StepFailedException: No option matched.
	at com.kms.katalon.core.keyword.internal.KeywordMain.stepFailed(KeywordMain.groovy:51)
	at com.kms.katalon.core.keyword.internal.KeywordMain.stepFailed(KeywordMain.groovy)
	at com.kms.katalon.core.keyword.internal.KeywordMain.stepFailed(KeywordMain.groovy:23)
	at com.kms.katalon.core.webui.keyword.builtin.SelectOptionByValueKeyword$_selectOptionByValue_closure1.doCall(SelectOptionByValueKeyword.groovy:92)
	at com.kms.katalon.core.webui.keyword.builtin.SelectOptionByValueKeyword$_selectOptionByValue_closure1.call(SelectOptionByValueKeyword.groovy)
	at com.kms.katalon.core.webui.keyword.internal.WebUIKeywordMain.runKeyword(WebUIKeywordMain.groovy:20)
	... 20 more]]></system-out>
      <system-err><![CDATA[24-01-2024T20:26:31 - [TEST_SUITE][FAILED] - Amazon_searchItem_TS: Test Cases/TC_Amazon_SearchBar_003 FAILED.
Reason:
com.kms.katalon.core.exception.StepFailedException: Unable to select option by value 'search-alias=deals-intl-ship' of object 'Object Repository/Amazon_SearchBar_OR/Page_Amazon.com. Spend less. Smile more/categorySelect'  using regular expression
	at com.kms.katalon.core.webui.keyword.internal.WebUIKeywordMain.stepFailed(WebUIKeywordMain.groovy:64)
	at com.kms.katalon.core.webui.keyword.internal.WebUIKeywordMain.runKeyword(WebUIKeywordMain.groovy:26)
	at com.kms.katalon.core.webui.keyword.builtin.SelectOptionByValueKeyword.selectOptionByValue(SelectOptionByValueKeyword.groovy:99)
	at com.kms.katalon.core.webui.keyword.builtin.SelectOptionByValueKeyword.execute(SelectOptionByValueKeyword.groovy:71)
	at com.kms.katalon.core.keyword.internal.KeywordExecutor.executeKeywordForPlatform(KeywordExecutor.groovy:74)
	at com.kms.katalon.core.webui.keyword.WebUiBuiltInKeywords.selectOptionByValue(WebUiBuiltInKeywords.groovy:1207)
	at TC_Amazon_SearchBar_003.run(TC_Amazon_SearchBar_003:24)
	at com.kms.katalon.core.main.ScriptEngine.run(ScriptEngine.java:194)
	at com.kms.katalon.core.main.ScriptEngine.runScriptAsRawText(ScriptEngine.java:119)
	at com.kms.katalon.core.main.TestCaseExecutor.runScript(TestCaseExecutor.java:448)
	at com.kms.katalon.core.main.TestCaseExecutor.doExecute(TestCaseExecutor.java:439)
	at com.kms.katalon.core.main.TestCaseExecutor.processExecutionPhase(TestCaseExecutor.java:418)
	at com.kms.katalon.core.main.TestCaseExecutor.accessMainPhase(TestCaseExecutor.java:410)
	at com.kms.katalon.core.main.TestCaseExecutor.execute(TestCaseExecutor.java:285)
	at com.kms.katalon.core.common.CommonExecutor.accessTestCaseMainPhase(CommonExecutor.java:65)
	at com.kms.katalon.core.main.TestSuiteExecutor.accessTestSuiteMainPhase(TestSuiteExecutor.java:148)
	at com.kms.katalon.core.main.TestSuiteExecutor.execute(TestSuiteExecutor.java:106)
	at com.kms.katalon.core.main.TestCaseMain.startTestSuite(TestCaseMain.java:180)
	at TempTestSuite1706108185271.run(TempTestSuite1706108185271.groovy:36)
	at java.base/jdk.internal.reflect.NativeMethodAccessorImpl.invoke0(Native Method)
	at java.base/jdk.internal.reflect.NativeMethodAccessorImpl.invoke(NativeMethodAccessorImpl.java:77)
	at java.base/jdk.internal.reflect.DelegatingMethodAccessorImpl.invoke(DelegatingMethodAccessorImpl.java:43)
Caused by: com.kms.katalon.core.exception.StepFailedException: No option matched.
	at com.kms.katalon.core.keyword.internal.KeywordMain.stepFailed(KeywordMain.groovy:51)
	at com.kms.katalon.core.keyword.internal.KeywordMain.stepFailed(KeywordMain.groovy)
	at com.kms.katalon.core.keyword.internal.KeywordMain.stepFailed(KeywordMain.groovy:23)
	at com.kms.katalon.core.webui.keyword.builtin.SelectOptionByValueKeyword$_selectOptionByValue_closure1.doCall(SelectOptionByValueKeyword.groovy:92)
	at com.kms.katalon.core.webui.keyword.builtin.SelectOptionByValueKeyword$_selectOptionByValue_closure1.call(SelectOptionByValueKeyword.groovy)
	at com.kms.katalon.core.webui.keyword.internal.WebUIKeywordMain.runKeyword(WebUIKeywordMain.groovy:20)
	... 20 more]]></system-err>
   </testsuite>
</testsuites>
